Library/Bee/Android/Prj/Mono2x/Gradle/unityLibrary/build/intermediates/manifest_merge_blame_file/release/manifest-merger-blame-release-report.txt
1<?xml version="1.0" encoding="utf-8"?>
2<manifest xmlns:android="http://schemas.android.com/apk/res/android"
3    xmlns:tools="http://schemas.android.com/tools"
4    package="com.unity3d.player"
5    android:versionCode="1"
6    android:versionName="0.1" >
7
8    <uses-sdk
9        android:minSdkVersion="22"
9-->src\main\AndroidManifest.xml
10        android:targetSdkVersion="30" />
10-->src\main\AndroidManifest.xml
11
12    <uses-feature android:glEsVersion="0x00030000" />
12-->src\main\AndroidManifest.xml:25:3-52
12-->src\main\AndroidManifest.xml:25:17-49
13    <uses-feature
13-->src\main\AndroidManifest.xml:26:3-91
14        android:name="android.hardware.vulkan.version"
14-->src\main\AndroidManifest.xml:26:17-63
15        android:required="false" />
15-->src\main\AndroidManifest.xml:26:64-88
16    <uses-feature
16-->src\main\AndroidManifest.xml:27:3-88
17        android:name="android.hardware.touchscreen"
17-->src\main\AndroidManifest.xml:27:17-60
18        android:required="false" />
18-->src\main\AndroidManifest.xml:27:61-85
19    <uses-feature
19-->src\main\AndroidManifest.xml:28:3-99
20        android:name="android.hardware.touchscreen.multitouch"
20-->src\main\AndroidManifest.xml:28:17-71
21        android:required="false" />
21-->src\main\AndroidManifest.xml:28:72-96
22    <uses-feature
22-->src\main\AndroidManifest.xml:29:3-108
23        android:name="android.hardware.touchscreen.multitouch.distinct"
23-->src\main\AndroidManifest.xml:29:17-80
24        android:required="false" />
24-->src\main\AndroidManifest.xml:29:81-105
25
26    <uses-permission android:name="android.permission.POST_NOTIFICATIONS" />
26-->src\main\AndroidManifest.xml:30:3-75
26-->src\main\AndroidManifest.xml:30:20-72
27
28    <application android:extractNativeLibs="true" >
28-->src\main\AndroidManifest.xml:3:3-24:17
28-->src\main\AndroidManifest.xml:3:16-48
29        <activity
29-->src\main\AndroidManifest.xml:4:5-11:16
30            android:name="com.unity3d.player.UnityPlayerActivity"
30-->src\main\AndroidManifest.xml:4:15-68
31            android:configChanges="mcc|mnc|locale|touchscreen|keyboard|keyboardHidden|navigation|orientation|screenLayout|uiMode|screenSize|smallestScreenSize|fontScale|layoutDirection|density"
31-->src\main\AndroidManifest.xml:4:180-361
32            android:hardwareAccelerated="false"
32-->src\main\AndroidManifest.xml:4:397-432
33            android:launchMode="singleTask"
33-->src\main\AndroidManifest.xml:4:148-179
34            android:resizeableActivity="false"
34-->src\main\AndroidManifest.xml:4:362-396
35            android:screenOrientation="portrait"
35-->src\main\AndroidManifest.xml:4:111-147
36            android:theme="@style/UnityThemeSelector" >
36-->src\main\AndroidManifest.xml:4:69-110
37            <intent-filter>
37-->src\main\AndroidManifest.xml:5:7-8:23
38                <action android:name="android.intent.action.MAIN" />
38-->src\main\AndroidManifest.xml:6:9-61
38-->src\main\AndroidManifest.xml:6:17-58
39
40                <category android:name="android.intent.category.LAUNCHER" />
40-->src\main\AndroidManifest.xml:7:9-69
40-->src\main\AndroidManifest.xml:7:19-66
41            </intent-filter>
42
43            <meta-data
43-->src\main\AndroidManifest.xml:9:7-82
44                android:name="unityplayer.UnityActivity"
44-->src\main\AndroidManifest.xml:9:18-58
45                android:value="true" />
45-->src\main\AndroidManifest.xml:9:59-79
46            <meta-data
46-->src\main\AndroidManifest.xml:10:7-78
47                android:name="android.notch_support"
47-->src\main\AndroidManifest.xml:10:18-54
48                android:value="true" />
48-->src\main\AndroidManifest.xml:10:55-75
49        </activity>
50
51        <meta-data
51-->src\main\AndroidManifest.xml:12:5-69
52            android:name="unity.splash-mode"
52-->src\main\AndroidManifest.xml:12:16-48
53            android:value="0" />
53-->src\main\AndroidManifest.xml:12:49-66
54        <meta-data
54-->src\main\AndroidManifest.xml:13:5-74
55            android:name="unity.splash-enable"
55-->src\main\AndroidManifest.xml:13:16-50
56            android:value="True" />
56-->src\main\AndroidManifest.xml:13:51-71
57        <meta-data
57-->src\main\AndroidManifest.xml:14:5-78
58            android:name="unity.launch-fullscreen"
58-->src\main\AndroidManifest.xml:14:16-54
59            android:value="True" />
59-->src\main\AndroidManifest.xml:14:55-75
60        <meta-data
60-->src\main\AndroidManifest.xml:15:5-84
61            android:name="unity.allow-resizable-window"
61-->src\main\AndroidManifest.xml:15:16-59
62            android:value="False" />
62-->src\main\AndroidManifest.xml:15:60-81
63        <meta-data
63-->src\main\AndroidManifest.xml:16:5-81
64            android:name="notch.config"
64-->src\main\AndroidManifest.xml:16:16-43
65            android:value="portrait|landscape" />
65-->src\main\AndroidManifest.xml:16:44-78
66
67        <receiver
67-->src\main\AndroidManifest.xml:17:5-113
68            android:name="com.unity.androidnotifications.UnityNotificationManager"
68-->src\main\AndroidManifest.xml:17:15-85
69            android:exported="false" />
69-->src\main\AndroidManifest.xml:17:86-110
70        <receiver
70-->src\main\AndroidManifest.xml:18:5-22:16
71            android:name="com.unity.androidnotifications.UnityNotificationRestartOnBootReceiver"
71-->src\main\AndroidManifest.xml:18:15-99
72            android:enabled="false"
72-->src\main\AndroidManifest.xml:18:100-123
73            android:exported="false" >
73-->src\main\AndroidManifest.xml:18:124-148
74            <intent-filter>
74-->src\main\AndroidManifest.xml:19:7-21:23
75                <action android:name="android.intent.action.BOOT_COMPLETED" />
75-->src\main\AndroidManifest.xml:20:9-71
75-->src\main\AndroidManifest.xml:20:17-68
76            </intent-filter>
77        </receiver>
78
79        <meta-data
79-->src\main\AndroidManifest.xml:23:5-99
80            android:name="com.unity.androidnotifications.exact_scheduling"
80-->src\main\AndroidManifest.xml:23:16-78
81            android:value="0" />
81-->src\main\AndroidManifest.xml:23:79-96
82    </application>
83
84</manifest>